This file contains any messages produced by compilers while
running configure, to aid debugging if configure makes a mistake.

It was created by xforms configure 1.2.5pre2, which was
generated by GNU Autoconf 2.71.  Invocation command line was

  $ ./configure --prefix=/usr/local

## --------- ##
## Platform. ##
## --------- ##

hostname = Herberts-MBP
uname -m = arm64
uname -r = 21.4.0
uname -s = Darwin
uname -v = Darwin Kernel Version 21.4.0: Fri Mar 18 00:46:32 PDT 2022; root:xnu-8020.101.4~15/RELEASE_ARM64_T6000

/usr/bin/uname -p = arm
/bin/uname -X     = unknown

/bin/arch              = unknown
/usr/bin/arch -k       = unknown
/usr/convex/getsysinfo = unknown
/usr/bin/hostinfo      = Mach kernel version:
	 Darwin Kernel Version 21.4.0: Fri Mar 18 00:46:32 PDT 2022; root:xnu-8020.101.4~15/RELEASE_ARM64_T6000
Kernel configured for up to 10 processors.
10 processors are physically available.
10 processors are logically available.
Processor type: arm64e (ARM64E)
Processors active: 0 1 2 3 4 5 6 7 8 9
Primary memory available: 16.00 gigabytes
Default processor set: 600 tasks, 2595 threads, 10 processors
Load average: 1.79, Mach factor: 8.20
/bin/machine           = unknown
/usr/bin/oslevel       = unknown
/bin/universe          = unknown

PATH: /opt/homebrew/bin/
PATH: /Users/yaya/bin/
PATH: /Users/yaya/.local/bin/
PATH: /usr/local/bin/
PATH: /sw/bin/
PATH: /sw/sbin/
PATH: /opt/local/bin/
PATH: /opt/local/sbin/
PATH: /usr/local/bin/
PATH: /Library/Frameworks/Python.framework/Versions/2.7/bin/
PATH: /System/Library/Frameworks/JavaVM.framework/Versions/1.6/Home/bin/
PATH: /usr/bin/
PATH: /bin/
PATH: /usr/sbin/
PATH: /sbin/
PATH: /opt/X11/bin/
PATH: /usr/X11/bin/


## ----------- ##
## Core tests. ##
## ----------- ##

configure:2529: looking for aux files: ltmain.sh compile missing install-sh config.guess config.sub
configure:2542:  trying ./config/
configure:2571:   ./config/ltmain.sh found
configure:2571:   ./config/compile found
configure:2571:   ./config/missing found
configure:2553:   ./config/install-sh found
configure:2571:   ./config/config.guess found
configure:2571:   ./config/config.sub found
configure:2711: checking build system type
configure:2726: result: aarch64-apple-darwin21.4.0
configure:2746: checking host system type
configure:2760: result: aarch64-apple-darwin21.4.0
configure:2780: checking target system type
configure:2794: result: aarch64-apple-darwin21.4.0
configure:2839: checking for a BSD-compatible install
configure:2912: result: /usr/bin/install -c
configure:2923: checking whether build environment is sane
configure:2978: result: yes
configure:3137: checking for a race-free mkdir -p
configure:3181: result: ./config/install-sh -c -d
configure:3188: checking for gawk
configure:3223: result: no
configure:3188: checking for mawk
configure:3223: result: no
configure:3188: checking for nawk
configure:3223: result: no
configure:3188: checking for awk
configure:3209: found /usr/bin/awk
configure:3220: result: awk
configure:3231: checking whether make sets $(MAKE)
configure:3254: result: yes
configure:3284: checking whether make supports nested variables
configure:3302: result: yes
configure:3440: checking whether to enable maintainer-specific portions of Makefiles
configure:3450: result: no
configure:3558: checking for texi2html
configure:3579: found /opt/homebrew/bin/texi2html
configure:3590: result: texi2html
configure:3618: checking for texi2dvi
configure:3639: found /usr/bin/texi2dvi
configure:3650: result: texi2dvi
configure:3667: checking for convert
configure:3688: found /opt/homebrew/bin/convert
configure:3699: result: convert
configure:3794: checking whether make supports the include directive
configure:3809: make -f confmf.GNU && cat confinc.out
this is the am__doit target
configure:3812: $? = 0
configure:3831: result: yes (GNU style)
configure:3907: checking for gcc
configure:3928: found /usr/bin/gcc
configure:3939: result: gcc
configure:4292: checking for C compiler version
configure:4301: gcc --version >&5
Apple clang version 13.1.6 (clang-1316.0.21.2.3)
Target: arm64-apple-darwin21.4.0
Thread model: posix
InstalledDir: /Applications/Xcode.app/Contents/Developer/Toolchains/XcodeDefault.xctoolchain/usr/bin
configure:4312: $? = 0
configure:4301: gcc -v >&5
Apple clang version 13.1.6 (clang-1316.0.21.2.3)
Target: arm64-apple-darwin21.4.0
Thread model: posix
InstalledDir: /Applications/Xcode.app/Contents/Developer/Toolchains/XcodeDefault.xctoolchain/usr/bin
configure:4312: $? = 0
configure:4301: gcc -V >&5
clang: error: argument to '-V' is missing (expected 1 value)
clang: error: no input files
configure:4312: $? = 1
configure:4301: gcc -qversion >&5
clang: error: unknown argument '-qversion'; did you mean '--version'?
clang: error: no input files
configure:4312: $? = 1
configure:4301: gcc -version >&5
clang: error: unknown argument '-version'; did you mean '--version'?
clang: error: no input files
configure:4312: $? = 1
configure:4332: checking whether the C compiler works
configure:4354: gcc    conftest.c  >&5
configure:4358: $? = 0
configure:4408: result: yes
configure:4411: checking for C compiler default output file name
configure:4413: result: a.out
configure:4419: checking for suffix of executables
configure:4426: gcc -o conftest    conftest.c  >&5
configure:4430: $? = 0
configure:4453: result: 
configure:4475: checking whether we are cross compiling
configure:4483: gcc -o conftest    conftest.c  >&5
configure:4487: $? = 0
configure:4494: ./conftest
configure:4498: $? = 0
configure:4513: result: no
configure:4518: checking for suffix of object files
configure:4541: gcc -c   conftest.c >&5
configure:4545: $? = 0
configure:4567: result: o
configure:4571: checking whether the compiler supports GNU C
configure:4591: gcc -c   conftest.c >&5
configure:4591: $? = 0
configure:4601: result: yes
configure:4612: checking whether gcc accepts -g
configure:4633: gcc -c -g  conftest.c >&5
configure:4633: $? = 0
configure:4677: result: yes
configure:4697: checking for gcc option to enable C11 features
configure:4712: gcc  -c -g -O2  conftest.c >&5
configure:4712: $? = 0
configure:4730: result: none needed
configure:4846: checking whether gcc understands -c and -o together
configure:4869: gcc -c conftest.c -o conftest2.o
configure:4872: $? = 0
configure:4869: gcc -c conftest.c -o conftest2.o
configure:4872: $? = 0
configure:4884: result: yes
configure:4903: checking dependency style of gcc
configure:5015: result: gcc3
configure:5107: checking how to run the C preprocessor
configure:5133: gcc -E  conftest.c
configure:5133: $? = 0
configure:5148: gcc -E  conftest.c
conftest.c:11:10: fatal error: 'ac_nonexistent.h' file not found
#include <ac_nonexistent.h>
         ^~~~~~~~~~~~~~~~~~
1 error generated.
configure:5148: $? = 1
configure: failed program was:
| /* confdefs.h */
| #define PACKAGE_NAME "xforms"
| #define PACKAGE_TARNAME "xforms"
| #define PACKAGE_VERSION "1.2.5pre2"
| #define PACKAGE_STRING "xforms 1.2.5pre2"
| #define PACKAGE_BUGREPORT "xforms-development@nongnu.org"
| #define PACKAGE_URL ""
| #define PACKAGE "xforms"
| #define VERSION "1.2.5pre2"
| /* end confdefs.h.  */
| #include <ac_nonexistent.h>
configure:5175: result: gcc -E
configure:5189: gcc -E  conftest.c
configure:5189: $? = 0
configure:5204: gcc -E  conftest.c
conftest.c:11:10: fatal error: 'ac_nonexistent.h' file not found
#include <ac_nonexistent.h>
         ^~~~~~~~~~~~~~~~~~
1 error generated.
configure:5204: $? = 1
configure: failed program was:
| /* confdefs.h */
| #define PACKAGE_NAME "xforms"
| #define PACKAGE_TARNAME "xforms"
| #define PACKAGE_VERSION "1.2.5pre2"
| #define PACKAGE_STRING "xforms 1.2.5pre2"
| #define PACKAGE_BUGREPORT "xforms-development@nongnu.org"
| #define PACKAGE_URL ""
| #define PACKAGE "xforms"
| #define VERSION "1.2.5pre2"
| /* end confdefs.h.  */
| #include <ac_nonexistent.h>
configure:5235: checking whether make sets $(MAKE)
configure:5258: result: yes
configure:5272: checking for library containing strerror
configure:5302: gcc -o conftest -O   conftest.c  >&5
conftest.c:15:6: warning: incompatible redeclaration of library function 'strerror' [-Wincompatible-library-redeclaration]
char strerror ();
     ^
conftest.c:15:6: note: 'strerror' is a builtin with type 'char *(int)'
1 warning generated.
configure:5302: $? = 0
configure:5322: result: none required
configure:5335: checking for stdio.h
configure:5335: gcc -c -O  conftest.c >&5
configure:5335: $? = 0
configure:5335: result: yes
configure:5335: checking for stdlib.h
configure:5335: gcc -c -O  conftest.c >&5
configure:5335: $? = 0
configure:5335: result: yes
configure:5335: checking for string.h
configure:5335: gcc -c -O  conftest.c >&5
configure:5335: $? = 0
configure:5335: result: yes
configure:5335: checking for inttypes.h
configure:5335: gcc -c -O  conftest.c >&5
configure:5335: $? = 0
configure:5335: result: yes
configure:5335: checking for stdint.h
configure:5335: gcc -c -O  conftest.c >&5
configure:5335: $? = 0
configure:5335: result: yes
configure:5335: checking for strings.h
configure:5335: gcc -c -O  conftest.c >&5
configure:5335: $? = 0
configure:5335: result: yes
configure:5335: checking for sys/stat.h
configure:5335: gcc -c -O  conftest.c >&5
configure:5335: $? = 0
configure:5335: result: yes
configure:5335: checking for sys/types.h
configure:5335: gcc -c -O  conftest.c >&5
configure:5335: $? = 0
configure:5335: result: yes
configure:5335: checking for unistd.h
configure:5335: gcc -c -O  conftest.c >&5
configure:5335: $? = 0
configure:5335: result: yes
configure:5335: checking for wchar.h
configure:5335: gcc -c -O  conftest.c >&5
configure:5335: $? = 0
configure:5335: result: yes
configure:5335: checking for minix/config.h
configure:5335: gcc -c -O  conftest.c >&5
conftest.c:49:10: fatal error: 'minix/config.h' file not found
#include <minix/config.h>
         ^~~~~~~~~~~~~~~~
1 error generated.
configure:5335: $? = 1
configure: failed program was:
| /* confdefs.h */
| #define PACKAGE_NAME "xforms"
| #define PACKAGE_TARNAME "xforms"
| #define PACKAGE_VERSION "1.2.5pre2"
| #define PACKAGE_STRING "xforms 1.2.5pre2"
| #define PACKAGE_BUGREPORT "xforms-development@nongnu.org"
| #define PACKAGE_URL ""
| #define PACKAGE "xforms"
| #define VERSION "1.2.5pre2"
| #define HAVE_STDIO_H 1
| #define HAVE_STDLIB_H 1
| #define HAVE_STRING_H 1
| #define HAVE_INTTYPES_H 1
| #define HAVE_STDINT_H 1
| #define HAVE_STRINGS_H 1
| #define HAVE_SYS_STAT_H 1
| #define HAVE_SYS_TYPES_H 1
| #define HAVE_UNISTD_H 1
| #define HAVE_WCHAR_H 1
| /* end confdefs.h.  */
| #include <stddef.h>
| #ifdef HAVE_STDIO_H
| # include <stdio.h>
| #endif
| #ifdef HAVE_STDLIB_H
| # include <stdlib.h>
| #endif
| #ifdef HAVE_STRING_H
| # include <string.h>
| #endif
| #ifdef HAVE_INTTYPES_H
| # include <inttypes.h>
| #endif
| #ifdef HAVE_STDINT_H
| # include <stdint.h>
| #endif
| #ifdef HAVE_STRINGS_H
| # include <strings.h>
| #endif
| #ifdef HAVE_SYS_TYPES_H
| # include <sys/types.h>
| #endif
| #ifdef HAVE_SYS_STAT_H
| # include <sys/stat.h>
| #endif
| #ifdef HAVE_UNISTD_H
| # include <unistd.h>
| #endif
| #include <minix/config.h>
configure:5335: result: no
configure:5366: checking whether it is safe to define __EXTENSIONS__
configure:5385: gcc -c -O  conftest.c >&5
configure:5385: $? = 0
configure:5393: result: yes
configure:5396: checking whether _XOPEN_SOURCE should be defined
configure:5418: gcc -c -O  conftest.c >&5
configure:5418: $? = 0
configure:5445: result: no
configure:5615: checking how to print strings
configure:5642: result: printf
configure:5663: checking for a sed that does not truncate output
configure:5733: result: /opt/homebrew/bin/gsed
configure:5751: checking for grep that handles long lines and -e
configure:5815: result: /opt/homebrew/bin/grep
configure:5820: checking for egrep
configure:5888: result: /opt/homebrew/bin/grep -E
configure:5893: checking for fgrep
configure:5961: result: /opt/homebrew/bin/grep -F
configure:5997: checking for ld used by gcc
configure:6065: result: /Applications/Xcode.app/Contents/Developer/Toolchains/XcodeDefault.xctoolchain/usr/bin/ld
configure:6072: checking if the linker (/Applications/Xcode.app/Contents/Developer/Toolchains/XcodeDefault.xctoolchain/usr/bin/ld) is GNU ld
configure:6088: result: no
configure:6100: checking for BSD- or MS-compatible name lister (nm)
configure:6155: result: /usr/bin/nm -B
configure:6295: checking the name lister (/usr/bin/nm -B) interface
configure:6303: gcc -c -O  conftest.c >&5
configure:6306: /usr/bin/nm -B "conftest.o"
configure:6309: output
0000000000000000 S _some_variable
0000000000000000 t ltmp0
0000000000000000 s ltmp1
configure:6316: result: BSD nm
configure:6319: checking whether ln -s works
configure:6323: result: yes
configure:6331: checking the maximum length of command line arguments
configure:6463: result: 786432
configure:6511: checking how to convert aarch64-apple-darwin21.4.0 file names to aarch64-apple-darwin21.4.0 format
configure:6552: result: func_convert_file_noop
configure:6559: checking how to convert aarch64-apple-darwin21.4.0 file names to toolchain format
configure:6580: result: func_convert_file_noop
configure:6587: checking for /Applications/Xcode.app/Contents/Developer/Toolchains/XcodeDefault.xctoolchain/usr/bin/ld option to reload object files
configure:6595: result: -r
configure:6674: checking for file
configure:6695: found /usr/bin/file
configure:6706: result: file
configure:6782: checking for objdump
configure:6803: found /usr/bin/objdump
configure:6814: result: objdump
configure:6846: checking how to recognize dependent libraries
configure:7047: result: pass_all
configure:7137: checking for dlltool
configure:7172: result: no
configure:7202: checking how to associate runtime and link libraries
configure:7230: result: printf %s\n
configure:7295: checking for ar
configure:7316: found /usr/bin/ar
configure:7327: result: ar
configure:7380: checking for archiver @FILE support
configure:7398: gcc -c -O  conftest.c >&5
configure:7398: $? = 0
configure:7402: ar cr libconftest.a @conftest.lst >&5
ar: @conftest.lst: No such file or directory
configure:7405: $? = 1
configure:7425: result: no
configure:7488: checking for strip
configure:7509: found /usr/bin/strip
configure:7520: result: strip
configure:7597: checking for ranlib
configure:7618: found /usr/bin/ranlib
configure:7629: result: ranlib
configure:7731: checking command to parse /usr/bin/nm -B output from gcc object
configure:7885: gcc -c -O  conftest.c >&5
configure:7888: $? = 0
configure:7892: /usr/bin/nm -B conftest.o \| /opt/homebrew/bin/gsed -n -e 's/^.*[ ]\([ABCDGIRSTW][ABCDGIRSTW]*\)[ ][ ]*\([_A-Za-z][_A-Za-z0-9]*\)$/\1 \2 \2/p' | /opt/homebrew/bin/gsed '/ __gnu_lto/d' \> conftest.nm
configure:7895: $? = 0
cannot find nm_test_var in conftest.nm
configure:7885: gcc -c -O  conftest.c >&5
configure:7888: $? = 0
configure:7892: /usr/bin/nm -B conftest.o \| /opt/homebrew/bin/gsed -n -e 's/^.*[ ]\([ABCDGIRSTW][ABCDGIRSTW]*\)[ ][ ]*_\([_A-Za-z][_A-Za-z0-9]*\)$/\1 _\2 \2/p' | /opt/homebrew/bin/gsed '/ __gnu_lto/d' \> conftest.nm
configure:7895: $? = 0
configure:7961: gcc -o conftest -O   conftest.c conftstm.o >&5
configure:7964: $? = 0
configure:8002: result: ok
configure:8049: checking for sysroot
configure:8080: result: no
configure:8087: checking for a working dd
configure:8131: result: /bin/dd
configure:8135: checking how to truncate binary pipes
configure:8151: result: /bin/dd bs=4096 count=1
configure:8488: checking for mt
configure:8523: result: no
configure:8543: checking if : is a manifest tool
configure:8550: : '-?'
configure:8558: result: no
configure:8619: checking for dsymutil
configure:8640: found /usr/bin/dsymutil
configure:8651: result: dsymutil
configure:8721: checking for nmedit
configure:8742: found /usr/bin/nmedit
configure:8753: result: nmedit
configure:8823: checking for lipo
configure:8844: found /usr/bin/lipo
configure:8855: result: lipo
configure:8925: checking for otool
configure:8946: found /usr/bin/otool
configure:8957: result: otool
configure:9027: checking for otool64
configure:9062: result: no
configure:9107: checking for -single_module linker flag
gcc -O  -o libconftest.dylib -dynamiclib -Wl,-single_module conftest.c
configure:9141: result: yes
configure:9144: checking for -exported_symbols_list linker flag
configure:9165: gcc -o conftest -O   -Wl,-exported_symbols_list,conftest.sym conftest.c  >&5
configure:9165: $? = 0
configure:9176: result: yes
configure:9179: checking for -force_load linker flag
gcc -O -c -o conftest.o conftest.c
ar cr libconftest.a conftest.o
ranlib libconftest.a
gcc -O  -o conftest conftest.c -Wl,-force_load,./libconftest.a
configure:9212: result: yes
configure:9279: checking for dlfcn.h
configure:9279: gcc -c -O  conftest.c >&5
configure:9279: $? = 0
configure:9279: result: yes
configure:9538: checking for objdir
configure:9554: result: .libs
configure:9818: checking if gcc supports -fno-rtti -fno-exceptions
configure:9837: gcc -c -O  -fno-rtti -fno-exceptions conftest.c >&5
configure:9841: $? = 0
configure:9854: result: yes
configure:10212: checking for gcc option to produce PIC
configure:10220: result: -fno-common -DPIC
configure:10228: checking if gcc PIC flag -fno-common -DPIC works
configure:10247: gcc -c -O  -fno-common -DPIC -DPIC conftest.c >&5
configure:10251: $? = 0
configure:10264: result: yes
configure:10293: checking if gcc static flag -static works
configure:10322: result: no
configure:10337: checking if gcc supports -c -o file.o
configure:10359: gcc -c -O  -o out/conftest2.o conftest.c >&5
configure:10363: $? = 0
configure:10385: result: yes
configure:10393: checking if gcc supports -c -o file.o
configure:10441: result: yes
configure:10474: checking whether the gcc linker (/Applications/Xcode.app/Contents/Developer/Toolchains/XcodeDefault.xctoolchain/usr/bin/ld) supports shared libraries
configure:11742: result: yes
configure:11983: checking dynamic linker characteristics
configure:12804: result: darwin21.4.0 dyld
configure:12926: checking how to hardcode library paths into programs
configure:12951: result: immediate
configure:13503: checking whether stripping libraries is possible
configure:13520: result: yes
configure:13554: checking if libtool supports shared libraries
configure:13556: result: yes
configure:13559: checking whether to build shared libraries
configure:13584: result: yes
configure:13587: checking whether to build static libraries
configure:13591: result: yes
configure:13645: checking for extra library directory
configure:13659: result: NONE
configure:13692: checking for extra include directory
configure:13706: result: NONE
configure:13730: checking for extra lib+include directory
configure:13744: result: NONE
configure:13770: checking for an ANSI C-conforming const
configure:13837: gcc -c -O  conftest.c >&5
configure:13837: $? = 0
configure:13845: result: yes
configure:13853: checking for pid_t
configure:13853: gcc -c -O  conftest.c >&5
configure:13853: $? = 0
configure:13853: gcc -c -O  conftest.c >&5
conftest.c:72:20: error: expected expression
if (sizeof ((pid_t)))
                   ^
1 error generated.
configure:13853: $? = 1
configure: failed program was:
| /* confdefs.h */
| #define PACKAGE_NAME "xforms"
| #define PACKAGE_TARNAME "xforms"
| #define PACKAGE_VERSION "1.2.5pre2"
| #define PACKAGE_STRING "xforms 1.2.5pre2"
| #define PACKAGE_BUGREPORT "xforms-development@nongnu.org"
| #define PACKAGE_URL ""
| #define PACKAGE "xforms"
| #define VERSION "1.2.5pre2"
| #define HAVE_STDIO_H 1
| #define HAVE_STDLIB_H 1
| #define HAVE_STRING_H 1
| #define HAVE_INTTYPES_H 1
| #define HAVE_STDINT_H 1
| #define HAVE_STRINGS_H 1
| #define HAVE_SYS_STAT_H 1
| #define HAVE_SYS_TYPES_H 1
| #define HAVE_UNISTD_H 1
| #define HAVE_WCHAR_H 1
| #define STDC_HEADERS 1
| #define _ALL_SOURCE 1
| #define _DARWIN_C_SOURCE 1
| #define _GNU_SOURCE 1
| #define _HPUX_ALT_XOPEN_SOCKET_API 1
| #define _NETBSD_SOURCE 1
| #define _OPENBSD_SOURCE 1
| #define _POSIX_PTHREAD_SEMANTICS 1
| #define __STDC_WANT_IEC_60559_ATTRIBS_EXT__ 1
| #define __STDC_WANT_IEC_60559_BFP_EXT__ 1
| #define __STDC_WANT_IEC_60559_DFP_EXT__ 1
| #define __STDC_WANT_IEC_60559_FUNCS_EXT__ 1
| #define __STDC_WANT_IEC_60559_TYPES_EXT__ 1
| #define __STDC_WANT_LIB_EXT2__ 1
| #define __STDC_WANT_MATH_SPEC_FUNCS__ 1
| #define _TANDEM_SOURCE 1
| #define __EXTENSIONS__ 1
| #define HAVE_DLFCN_H 1
| #define LT_OBJDIR ".libs/"
| /* end confdefs.h.  */
| #include <stddef.h>
| #ifdef HAVE_STDIO_H
| # include <stdio.h>
| #endif
| #ifdef HAVE_STDLIB_H
| # include <stdlib.h>
| #endif
| #ifdef HAVE_STRING_H
| # include <string.h>
| #endif
| #ifdef HAVE_INTTYPES_H
| # include <inttypes.h>
| #endif
| #ifdef HAVE_STDINT_H
| # include <stdint.h>
| #endif
| #ifdef HAVE_STRINGS_H
| # include <strings.h>
| #endif
| #ifdef HAVE_SYS_TYPES_H
| # include <sys/types.h>
| #endif
| #ifdef HAVE_SYS_STAT_H
| # include <sys/stat.h>
| #endif
| #ifdef HAVE_UNISTD_H
| # include <unistd.h>
| #endif
| 
| int
| main (void)
| {
| if (sizeof ((pid_t)))
| 	    return 0;
|   ;
|   return 0;
| }
configure:13853: result: yes
configure:13889: checking for size_t
configure:13889: gcc -c -O  conftest.c >&5
configure:13889: $? = 0
configure:13889: gcc -c -O  conftest.c >&5
conftest.c:71:21: error: expected expression
if (sizeof ((size_t)))
                    ^
1 error generated.
configure:13889: $? = 1
configure: failed program was:
| /* confdefs.h */
| #define PACKAGE_NAME "xforms"
| #define PACKAGE_TARNAME "xforms"
| #define PACKAGE_VERSION "1.2.5pre2"
| #define PACKAGE_STRING "xforms 1.2.5pre2"
| #define PACKAGE_BUGREPORT "xforms-development@nongnu.org"
| #define PACKAGE_URL ""
| #define PACKAGE "xforms"
| #define VERSION "1.2.5pre2"
| #define HAVE_STDIO_H 1
| #define HAVE_STDLIB_H 1
| #define HAVE_STRING_H 1
| #define HAVE_INTTYPES_H 1
| #define HAVE_STDINT_H 1
| #define HAVE_STRINGS_H 1
| #define HAVE_SYS_STAT_H 1
| #define HAVE_SYS_TYPES_H 1
| #define HAVE_UNISTD_H 1
| #define HAVE_WCHAR_H 1
| #define STDC_HEADERS 1
| #define _ALL_SOURCE 1
| #define _DARWIN_C_SOURCE 1
| #define _GNU_SOURCE 1
| #define _HPUX_ALT_XOPEN_SOCKET_API 1
| #define _NETBSD_SOURCE 1
| #define _OPENBSD_SOURCE 1
| #define _POSIX_PTHREAD_SEMANTICS 1
| #define __STDC_WANT_IEC_60559_ATTRIBS_EXT__ 1
| #define __STDC_WANT_IEC_60559_BFP_EXT__ 1
| #define __STDC_WANT_IEC_60559_DFP_EXT__ 1
| #define __STDC_WANT_IEC_60559_FUNCS_EXT__ 1
| #define __STDC_WANT_IEC_60559_TYPES_EXT__ 1
| #define __STDC_WANT_LIB_EXT2__ 1
| #define __STDC_WANT_MATH_SPEC_FUNCS__ 1
| #define _TANDEM_SOURCE 1
| #define __EXTENSIONS__ 1
| #define HAVE_DLFCN_H 1
| #define LT_OBJDIR ".libs/"
| /* end confdefs.h.  */
| #include <stddef.h>
| #ifdef HAVE_STDIO_H
| # include <stdio.h>
| #endif
| #ifdef HAVE_STDLIB_H
| # include <stdlib.h>
| #endif
| #ifdef HAVE_STRING_H
| # include <string.h>
| #endif
| #ifdef HAVE_INTTYPES_H
| # include <inttypes.h>
| #endif
| #ifdef HAVE_STDINT_H
| # include <stdint.h>
| #endif
| #ifdef HAVE_STRINGS_H
| # include <strings.h>
| #endif
| #ifdef HAVE_SYS_TYPES_H
| # include <sys/types.h>
| #endif
| #ifdef HAVE_SYS_STAT_H
| # include <sys/stat.h>
| #endif
| #ifdef HAVE_UNISTD_H
| # include <unistd.h>
| #endif
| int
| main (void)
| {
| if (sizeof ((size_t)))
| 	    return 0;
|   ;
|   return 0;
| }
configure:13889: result: yes
configure:13902: checking for sin in -lm
configure:13925: gcc -o conftest -O   conftest.c -lm   >&5
conftest.c:44:6: warning: incompatible redeclaration of library function 'sin' [-Wincompatible-library-redeclaration]
char sin ();
     ^
conftest.c:44:6: note: 'sin' is a builtin with type 'double (double)'
1 warning generated.
configure:13925: $? = 0
configure:13935: result: yes
configure:13945: checking for fopen in -lc
configure:13968: gcc -o conftest -O   conftest.c -lc  -lm  >&5
conftest.c:45:6: warning: declaration of built-in function 'fopen' requires inclusion of the header <stdio.h> [-Wbuiltin-requires-header]
char fopen ();
     ^
1 warning generated.
configure:13968: $? = 0
configure:13978: result: yes
configure:13991: checking for sys/select.h
configure:13991: gcc -c -O  conftest.c >&5
configure:13991: $? = 0
configure:13991: result: yes
configure:14008: checking for GL/glx.h
configure:14008: gcc -c -O  conftest.c >&5
conftest.c:71:10: fatal error: 'GL/glx.h' file not found
#include <GL/glx.h>
         ^~~~~~~~~~
1 error generated.
configure:14008: $? = 1
configure: failed program was:
| /* confdefs.h */
| #define PACKAGE_NAME "xforms"
| #define PACKAGE_TARNAME "xforms"
| #define PACKAGE_VERSION "1.2.5pre2"
| #define PACKAGE_STRING "xforms 1.2.5pre2"
| #define PACKAGE_BUGREPORT "xforms-development@nongnu.org"
| #define PACKAGE_URL ""
| #define PACKAGE "xforms"
| #define VERSION "1.2.5pre2"
| #define HAVE_STDIO_H 1
| #define HAVE_STDLIB_H 1
| #define HAVE_STRING_H 1
| #define HAVE_INTTYPES_H 1
| #define HAVE_STDINT_H 1
| #define HAVE_STRINGS_H 1
| #define HAVE_SYS_STAT_H 1
| #define HAVE_SYS_TYPES_H 1
| #define HAVE_UNISTD_H 1
| #define HAVE_WCHAR_H 1
| #define STDC_HEADERS 1
| #define _ALL_SOURCE 1
| #define _DARWIN_C_SOURCE 1
| #define _GNU_SOURCE 1
| #define _HPUX_ALT_XOPEN_SOCKET_API 1
| #define _NETBSD_SOURCE 1
| #define _OPENBSD_SOURCE 1
| #define _POSIX_PTHREAD_SEMANTICS 1
| #define __STDC_WANT_IEC_60559_ATTRIBS_EXT__ 1
| #define __STDC_WANT_IEC_60559_BFP_EXT__ 1
| #define __STDC_WANT_IEC_60559_DFP_EXT__ 1
| #define __STDC_WANT_IEC_60559_FUNCS_EXT__ 1
| #define __STDC_WANT_IEC_60559_TYPES_EXT__ 1
| #define __STDC_WANT_LIB_EXT2__ 1
| #define __STDC_WANT_MATH_SPEC_FUNCS__ 1
| #define _TANDEM_SOURCE 1
| #define __EXTENSIONS__ 1
| #define HAVE_DLFCN_H 1
| #define LT_OBJDIR ".libs/"
| #define HAVE_LIBM 1
| #define HAVE_LIBC 1
| #define HAVE_SYS_SELECT_H 1
| /* end confdefs.h.  */
| #include <stddef.h>
| #ifdef HAVE_STDIO_H
| # include <stdio.h>
| #endif
| #ifdef HAVE_STDLIB_H
| # include <stdlib.h>
| #endif
| #ifdef HAVE_STRING_H
| # include <string.h>
| #endif
| #ifdef HAVE_INTTYPES_H
| # include <inttypes.h>
| #endif
| #ifdef HAVE_STDINT_H
| # include <stdint.h>
| #endif
| #ifdef HAVE_STRINGS_H
| # include <strings.h>
| #endif
| #ifdef HAVE_SYS_TYPES_H
| # include <sys/types.h>
| #endif
| #ifdef HAVE_SYS_STAT_H
| # include <sys/stat.h>
| #endif
| #ifdef HAVE_UNISTD_H
| # include <unistd.h>
| #endif
| #include <GL/glx.h>
configure:14008: result: no
configure:14031: checking for X
configure:14069: gcc -o conftest -O   conftest.c -lX11 -lc -lm  >&5
conftest.c:43:10: fatal error: 'X11/Xlib.h' file not found
#include <X11/Xlib.h>
         ^~~~~~~~~~~~
1 error generated.
configure:14069: $? = 1
configure: failed program was:
| /* confdefs.h */
| #define PACKAGE_NAME "xforms"
| #define PACKAGE_TARNAME "xforms"
| #define PACKAGE_VERSION "1.2.5pre2"
| #define PACKAGE_STRING "xforms 1.2.5pre2"
| #define PACKAGE_BUGREPORT "xforms-development@nongnu.org"
| #define PACKAGE_URL ""
| #define PACKAGE "xforms"
| #define VERSION "1.2.5pre2"
| #define HAVE_STDIO_H 1
| #define HAVE_STDLIB_H 1
| #define HAVE_STRING_H 1
| #define HAVE_INTTYPES_H 1
| #define HAVE_STDINT_H 1
| #define HAVE_STRINGS_H 1
| #define HAVE_SYS_STAT_H 1
| #define HAVE_SYS_TYPES_H 1
| #define HAVE_UNISTD_H 1
| #define HAVE_WCHAR_H 1
| #define STDC_HEADERS 1
| #define _ALL_SOURCE 1
| #define _DARWIN_C_SOURCE 1
| #define _GNU_SOURCE 1
| #define _HPUX_ALT_XOPEN_SOCKET_API 1
| #define _NETBSD_SOURCE 1
| #define _OPENBSD_SOURCE 1
| #define _POSIX_PTHREAD_SEMANTICS 1
| #define __STDC_WANT_IEC_60559_ATTRIBS_EXT__ 1
| #define __STDC_WANT_IEC_60559_BFP_EXT__ 1
| #define __STDC_WANT_IEC_60559_DFP_EXT__ 1
| #define __STDC_WANT_IEC_60559_FUNCS_EXT__ 1
| #define __STDC_WANT_IEC_60559_TYPES_EXT__ 1
| #define __STDC_WANT_LIB_EXT2__ 1
| #define __STDC_WANT_MATH_SPEC_FUNCS__ 1
| #define _TANDEM_SOURCE 1
| #define __EXTENSIONS__ 1
| #define HAVE_DLFCN_H 1
| #define LT_OBJDIR ".libs/"
| #define HAVE_LIBM 1
| #define HAVE_LIBC 1
| #define HAVE_SYS_SELECT_H 1
| /* end confdefs.h.  */
| #include <X11/Xlib.h>
| int
| main (void)
| {
| XrmInitialize ()
|   ;
|   return 0;
| }
configure:14256: result: libraries /opt/homebrew/lib, headers /opt/homebrew/include
configure:14276: checking whether -R must be followed by a space
configure:14292: gcc -o conftest -O   conftest.c -lc -lm  -R/opt/homebrew/lib >&5
warning: unknown remark option '-R/opt/homebrew/lib' [-Wunknown-warning-option]
1 warning generated.
configure:14292: $? = 0
configure: failed program was:
| /* confdefs.h */
| #define PACKAGE_NAME "xforms"
| #define PACKAGE_TARNAME "xforms"
| #define PACKAGE_VERSION "1.2.5pre2"
| #define PACKAGE_STRING "xforms 1.2.5pre2"
| #define PACKAGE_BUGREPORT "xforms-development@nongnu.org"
| #define PACKAGE_URL ""
| #define PACKAGE "xforms"
| #define VERSION "1.2.5pre2"
| #define HAVE_STDIO_H 1
| #define HAVE_STDLIB_H 1
| #define HAVE_STRING_H 1
| #define HAVE_INTTYPES_H 1
| #define HAVE_STDINT_H 1
| #define HAVE_STRINGS_H 1
| #define HAVE_SYS_STAT_H 1
| #define HAVE_SYS_TYPES_H 1
| #define HAVE_UNISTD_H 1
| #define HAVE_WCHAR_H 1
| #define STDC_HEADERS 1
| #define _ALL_SOURCE 1
| #define _DARWIN_C_SOURCE 1
| #define _GNU_SOURCE 1
| #define _HPUX_ALT_XOPEN_SOCKET_API 1
| #define _NETBSD_SOURCE 1
| #define _OPENBSD_SOURCE 1
| #define _POSIX_PTHREAD_SEMANTICS 1
| #define __STDC_WANT_IEC_60559_ATTRIBS_EXT__ 1
| #define __STDC_WANT_IEC_60559_BFP_EXT__ 1
| #define __STDC_WANT_IEC_60559_DFP_EXT__ 1
| #define __STDC_WANT_IEC_60559_FUNCS_EXT__ 1
| #define __STDC_WANT_IEC_60559_TYPES_EXT__ 1
| #define __STDC_WANT_LIB_EXT2__ 1
| #define __STDC_WANT_MATH_SPEC_FUNCS__ 1
| #define _TANDEM_SOURCE 1
| #define __EXTENSIONS__ 1
| #define HAVE_DLFCN_H 1
| #define LT_OBJDIR ".libs/"
| #define HAVE_LIBM 1
| #define HAVE_LIBC 1
| #define HAVE_SYS_SELECT_H 1
| /* end confdefs.h.  */
| 
| int
| main (void)
| {
| 
|   ;
|   return 0;
| }
configure:14310: gcc -o conftest -O   conftest.c -lc -lm  -R /opt/homebrew/lib >&5
warning: unknown remark option '-R' [-Wunknown-warning-option]
1 warning generated.
ld: can't map file, errno=22 file '/opt/homebrew/lib' for architecture arm64
clang: error: linker command failed with exit code 1 (use -v to see invocation)
configure:14310: $? = 1
configure: failed program was:
| /* confdefs.h */
| #define PACKAGE_NAME "xforms"
| #define PACKAGE_TARNAME "xforms"
| #define PACKAGE_VERSION "1.2.5pre2"
| #define PACKAGE_STRING "xforms 1.2.5pre2"
| #define PACKAGE_BUGREPORT "xforms-development@nongnu.org"
| #define PACKAGE_URL ""
| #define PACKAGE "xforms"
| #define VERSION "1.2.5pre2"
| #define HAVE_STDIO_H 1
| #define HAVE_STDLIB_H 1
| #define HAVE_STRING_H 1
| #define HAVE_INTTYPES_H 1
| #define HAVE_STDINT_H 1
| #define HAVE_STRINGS_H 1
| #define HAVE_SYS_STAT_H 1
| #define HAVE_SYS_TYPES_H 1
| #define HAVE_UNISTD_H 1
| #define HAVE_WCHAR_H 1
| #define STDC_HEADERS 1
| #define _ALL_SOURCE 1
| #define _DARWIN_C_SOURCE 1
| #define _GNU_SOURCE 1
| #define _HPUX_ALT_XOPEN_SOCKET_API 1
| #define _NETBSD_SOURCE 1
| #define _OPENBSD_SOURCE 1
| #define _POSIX_PTHREAD_SEMANTICS 1
| #define __STDC_WANT_IEC_60559_ATTRIBS_EXT__ 1
| #define __STDC_WANT_IEC_60559_BFP_EXT__ 1
| #define __STDC_WANT_IEC_60559_DFP_EXT__ 1
| #define __STDC_WANT_IEC_60559_FUNCS_EXT__ 1
| #define __STDC_WANT_IEC_60559_TYPES_EXT__ 1
| #define __STDC_WANT_LIB_EXT2__ 1
| #define __STDC_WANT_MATH_SPEC_FUNCS__ 1
| #define _TANDEM_SOURCE 1
| #define __EXTENSIONS__ 1
| #define HAVE_DLFCN_H 1
| #define LT_OBJDIR ".libs/"
| #define HAVE_LIBM 1
| #define HAVE_LIBC 1
| #define HAVE_SYS_SELECT_H 1
| /* end confdefs.h.  */
| 
| int
| main (void)
| {
| 
|   ;
|   return 0;
| }
configure:14316: result: neither works
configure:14354: gcc -o conftest -O   conftest.c -lc -lm   -L/opt/homebrew/lib -lX11 >&5
configure:14354: $? = 0
configure:14453: checking for gethostbyname
configure:14453: gcc -o conftest -O   conftest.c -lc -lm  >&5
configure:14453: $? = 0
configure:14453: result: yes
configure:14551: checking for connect
configure:14551: gcc -o conftest -O   conftest.c -lc -lm  >&5
configure:14551: $? = 0
configure:14551: result: yes
configure:14601: checking for remove
configure:14601: gcc -o conftest -O   conftest.c -lc -lm  >&5
configure:14601: $? = 0
configure:14601: result: yes
configure:14651: checking for shmat
configure:14651: gcc -o conftest -O   conftest.c -lc -lm  >&5
configure:14651: $? = 0
configure:14651: result: yes
configure:14710: checking for IceConnectionNumber in -lICE
configure:14733: gcc -o conftest -O   -L/opt/homebrew/lib conftest.c -lICE  -lc -lm  >&5
ld: library not found for -lICE
clang: error: linker command failed with exit code 1 (use -v to see invocation)
configure:14733: $? = 1
configure: failed program was:
| /* confdefs.h */
| #define PACKAGE_NAME "xforms"
| #define PACKAGE_TARNAME "xforms"
| #define PACKAGE_VERSION "1.2.5pre2"
| #define PACKAGE_STRING "xforms 1.2.5pre2"
| #define PACKAGE_BUGREPORT "xforms-development@nongnu.org"
| #define PACKAGE_URL ""
| #define PACKAGE "xforms"
| #define VERSION "1.2.5pre2"
| #define HAVE_STDIO_H 1
| #define HAVE_STDLIB_H 1
| #define HAVE_STRING_H 1
| #define HAVE_INTTYPES_H 1
| #define HAVE_STDINT_H 1
| #define HAVE_STRINGS_H 1
| #define HAVE_SYS_STAT_H 1
| #define HAVE_SYS_TYPES_H 1
| #define HAVE_UNISTD_H 1
| #define HAVE_WCHAR_H 1
| #define STDC_HEADERS 1
| #define _ALL_SOURCE 1
| #define _DARWIN_C_SOURCE 1
| #define _GNU_SOURCE 1
| #define _HPUX_ALT_XOPEN_SOCKET_API 1
| #define _NETBSD_SOURCE 1
| #define _OPENBSD_SOURCE 1
| #define _POSIX_PTHREAD_SEMANTICS 1
| #define __STDC_WANT_IEC_60559_ATTRIBS_EXT__ 1
| #define __STDC_WANT_IEC_60559_BFP_EXT__ 1
| #define __STDC_WANT_IEC_60559_DFP_EXT__ 1
| #define __STDC_WANT_IEC_60559_FUNCS_EXT__ 1
| #define __STDC_WANT_IEC_60559_TYPES_EXT__ 1
| #define __STDC_WANT_LIB_EXT2__ 1
| #define __STDC_WANT_MATH_SPEC_FUNCS__ 1
| #define _TANDEM_SOURCE 1
| #define __EXTENSIONS__ 1
| #define HAVE_DLFCN_H 1
| #define LT_OBJDIR ".libs/"
| #define HAVE_LIBM 1
| #define HAVE_LIBC 1
| #define HAVE_SYS_SELECT_H 1
| /* end confdefs.h.  */
| 
| /* Override any GCC internal prototype to avoid an error.
|    Use char because int might match the return type of a GCC
|    builtin and then its argument prototype would still apply.  */
| char IceConnectionNumber ();
| int
| main (void)
| {
| return IceConnectionNumber ();
|   ;
|   return 0;
| }
configure:14743: result: no
configure:14758: checking for XpmCreateBufferFromImage in -lXpm
configure:14781: gcc -o conftest -O   conftest.c -lXpm   -lc -lm   -L/opt/homebrew/lib -lX11  >&5
configure:14781: $? = 0
configure:14791: result: yes
configure:14813: checking for X11/xpm.h
configure:14813: gcc -c -O  -I/opt/homebrew/include  conftest.c >&5
configure:14813: $? = 0
configure:14813: result: yes
configure:14845: checking xpm header version
configure:14854:10: fatal error: 'X11/xpm.h' file not found
#include XPM_H_LOCATION
         ^~~~~~~~~~~~~~
./confdefs.h:42:24: note: expanded from macro 'XPM_H_LOCATION'
#define XPM_H_LOCATION <X11/xpm.h>
                       ^~~~~~~~~~~
<scratch space>:2:1: note: expanded from here
<X11/xpm.h>
^~~~~~~~~~~
1 error generated.
configure:14871: result: XpmVersion.XpmRevision
configure:14891: checking for jpeg_CreateDecompress in -ljpeg
configure:14914: gcc -o conftest -O   conftest.c -ljpeg  -lc -lm  >&5
configure:14914: $? = 0
configure:14924: result: yes
configure:14944: checking return type of signal handlers
configure:14963: gcc -c -O  conftest.c >&5
conftest.c:50:8: error: indirection requires pointer operand ('void' invalid)
return *(signal (0, 0)) (0) == 1;
       ^~~~~~~~~~~~~~~~~~~~
1 error generated.
configure:14963: $? = 1
configure: failed program was:
| /* confdefs.h */
| #define PACKAGE_NAME "xforms"
| #define PACKAGE_TARNAME "xforms"
| #define PACKAGE_VERSION "1.2.5pre2"
| #define PACKAGE_STRING "xforms 1.2.5pre2"
| #define PACKAGE_BUGREPORT "xforms-development@nongnu.org"
| #define PACKAGE_URL ""
| #define PACKAGE "xforms"
| #define VERSION "1.2.5pre2"
| #define HAVE_STDIO_H 1
| #define HAVE_STDLIB_H 1
| #define HAVE_STRING_H 1
| #define HAVE_INTTYPES_H 1
| #define HAVE_STDINT_H 1
| #define HAVE_STRINGS_H 1
| #define HAVE_SYS_STAT_H 1
| #define HAVE_SYS_TYPES_H 1
| #define HAVE_UNISTD_H 1
| #define HAVE_WCHAR_H 1
| #define STDC_HEADERS 1
| #define _ALL_SOURCE 1
| #define _DARWIN_C_SOURCE 1
| #define _GNU_SOURCE 1
| #define _HPUX_ALT_XOPEN_SOCKET_API 1
| #define _NETBSD_SOURCE 1
| #define _OPENBSD_SOURCE 1
| #define _POSIX_PTHREAD_SEMANTICS 1
| #define __STDC_WANT_IEC_60559_ATTRIBS_EXT__ 1
| #define __STDC_WANT_IEC_60559_BFP_EXT__ 1
| #define __STDC_WANT_IEC_60559_DFP_EXT__ 1
| #define __STDC_WANT_IEC_60559_FUNCS_EXT__ 1
| #define __STDC_WANT_IEC_60559_TYPES_EXT__ 1
| #define __STDC_WANT_LIB_EXT2__ 1
| #define __STDC_WANT_MATH_SPEC_FUNCS__ 1
| #define _TANDEM_SOURCE 1
| #define __EXTENSIONS__ 1
| #define HAVE_DLFCN_H 1
| #define LT_OBJDIR ".libs/"
| #define HAVE_LIBM 1
| #define HAVE_LIBC 1
| #define HAVE_SYS_SELECT_H 1
| #define XPM_H_LOCATION <X11/xpm.h>
| /* end confdefs.h.  */
| #include <sys/types.h>
| #include <signal.h>
| 
| int
| main (void)
| {
| return *(signal (0, 0)) (0) == 1;
|   ;
|   return 0;
| }
configure:14971: result: void
configure:14982: checking for snprintf
configure:14982: gcc -o conftest -O   conftest.c -lc -lm  >&5
conftest.c:62:6: warning: incompatible redeclaration of library function 'snprintf' [-Wincompatible-library-redeclaration]
char snprintf ();
     ^
conftest.c:62:6: note: 'snprintf' is a builtin with type 'int (char *, unsigned long, const char *, ...)'
1 warning generated.
configure:14982: $? = 0
configure:14982: result: yes
configure:14988: checking for strcasecmp
configure:14988: gcc -o conftest -O   conftest.c -lc -lm  >&5
conftest.c:63:6: warning: incompatible redeclaration of library function 'strcasecmp' [-Wincompatible-library-redeclaration]
char strcasecmp ();
     ^
conftest.c:63:6: note: 'strcasecmp' is a builtin with type 'int (const char *, const char *)'
1 warning generated.
configure:14988: $? = 0
configure:14988: result: yes
configure:14994: checking for strerror
configure:14994: gcc -o conftest -O   conftest.c -lc -lm  >&5
conftest.c:64:6: warning: incompatible redeclaration of library function 'strerror' [-Wincompatible-library-redeclaration]
char strerror ();
     ^
conftest.c:64:6: note: 'strerror' is a builtin with type 'char *(int)'
1 warning generated.
configure:14994: $? = 0
configure:14994: result: yes
configure:15000: checking for usleep
configure:15000: gcc -o conftest -O   conftest.c -lc -lm  >&5
configure:15000: $? = 0
configure:15000: result: yes
configure:15006: checking for nanosleep
configure:15006: gcc -o conftest -O   conftest.c -lc -lm  >&5
configure:15006: $? = 0
configure:15006: result: yes
configure:15012: checking for vsnprintf
configure:15012: gcc -o conftest -O   conftest.c -lc -lm  >&5
conftest.c:67:6: warning: incompatible redeclaration of library function 'vsnprintf' [-Wincompatible-library-redeclaration]
char vsnprintf ();
     ^
conftest.c:67:6: note: 'vsnprintf' is a builtin with type 'int (char *, unsigned long, const char *, __builtin_va_list)'
1 warning generated.
configure:15012: $? = 0
configure:15012: result: yes
configure:15018: checking for vasprintf
configure:15018: gcc -o conftest -O   conftest.c -lc -lm  >&5
conftest.c:79:19: warning: format string missing [-Wformat]
return vasprintf ();
       ~~~~~~~~~  ^
1 warning generated.
configure:15018: $? = 0
configure:15018: result: yes
configure:15024: checking for sigaction
configure:15024: gcc -o conftest -O   conftest.c -lc -lm  >&5
configure:15024: $? = 0
configure:15024: result: yes
configure:15034: checking if snprintf is declared by header stdio.h
configure:15044: result: yes
configure:15059: checking if vsnprintf is declared by header stdio.h
configure:15069: result: yes
configure:15084: checking if vasprintf is declared by header stdio.h
configure:15094: result: yes
configure:15109: checking if sigaction is declared by header signal.h
configure:15119: result: yes
configure:15266: checking that generated files are newer than configure
configure:15272: result: done
configure:15327: creating ./config.status

## ---------------------- ##
## Running config.status. ##
## ---------------------- ##

This file was extended by xforms config.status 1.2.5pre2, which was
generated by GNU Autoconf 2.71.  Invocation command line was

  CONFIG_FILES    = 
  CONFIG_HEADERS  = 
  CONFIG_LINKS    = 
  CONFIG_COMMANDS = 
  $ ./config.status 

on Herberts-MBP

config.status:1171: creating Makefile
config.status:1171: creating libforms.spec
config.status:1171: creating lib/include/AAA.h
config.status:1171: creating config/Makefile
config.status:1171: creating lib/Makefile
config.status:1171: creating lib/bitmaps/Makefile
config.status:1171: creating lib/fd/Makefile
config.status:1171: creating lib/include/Makefile
config.status:1171: creating lib/private/Makefile
config.status:1171: creating image/Makefile
config.status:1171: creating gl/Makefile
config.status:1171: creating fdesign/Makefile
config.status:1171: creating fdesign/fd/Makefile
config.status:1171: creating fdesign/spec/Makefile
config.status:1171: creating fdesign/xpm/Makefile
config.status:1171: creating fd2ps/Makefile
config.status:1171: creating fd2ps/test/Makefile
config.status:1171: creating demos/Makefile
config.status:1171: creating demos/fd/Makefile
config.status:1171: creating doc/Makefile
config.status:1171: creating doc/xforms_images/Makefile
config.status:1171: creating lib/config.h
config.status:1400: executing depfiles commands
config.status:1477: cd lib       && sed -e '/# am--include-marker/d' Makefile         | make -f - am--depfiles
config.status:1482: $? = 0
config.status:1477: cd image       && sed -e '/# am--include-marker/d' Makefile         | make -f - am--depfiles
config.status:1482: $? = 0
config.status:1477: cd gl       && sed -e '/# am--include-marker/d' Makefile         | make -f - am--depfiles
config.status:1482: $? = 0
config.status:1477: cd fdesign       && sed -e '/# am--include-marker/d' Makefile         | make -f - am--depfiles
config.status:1482: $? = 0
config.status:1477: cd fd2ps       && sed -e '/# am--include-marker/d' Makefile         | make -f - am--depfiles
config.status:1482: $? = 0
config.status:1477: cd demos       && sed -e '/# am--include-marker/d' Makefile         | make -f - am--depfiles
config.status:1482: $? = 0
config.status:1400: executing libtool commands

## ---------------- ##
## Cache variables. ##
## ---------------- ##

ac_cv_build=aarch64-apple-darwin21.4.0
ac_cv_c_compiler_gnu=yes
ac_cv_c_const=yes
ac_cv_env_CC_set=
ac_cv_env_CC_value=
ac_cv_env_CFLAGS_set=
ac_cv_env_CFLAGS_value=
ac_cv_env_CPPFLAGS_set=
ac_cv_env_CPPFLAGS_value=
ac_cv_env_CPP_set=
ac_cv_env_CPP_value=
ac_cv_env_LDFLAGS_set=
ac_cv_env_LDFLAGS_value=
ac_cv_env_LIBS_set=
ac_cv_env_LIBS_value=
ac_cv_env_LT_SYS_LIBRARY_PATH_set=
ac_cv_env_LT_SYS_LIBRARY_PATH_value=
ac_cv_env_XMKMF_set=
ac_cv_env_XMKMF_value=
ac_cv_env_build_alias_set=
ac_cv_env_build_alias_value=
ac_cv_env_host_alias_set=
ac_cv_env_host_alias_value=
ac_cv_env_target_alias_set=
ac_cv_env_target_alias_value=
ac_cv_func_connect=yes
ac_cv_func_gethostbyname=yes
ac_cv_func_nanosleep=yes
ac_cv_func_remove=yes
ac_cv_func_shmat=yes
ac_cv_func_sigaction=yes
ac_cv_func_snprintf=yes
ac_cv_func_strcasecmp=yes
ac_cv_func_strerror=yes
ac_cv_func_usleep=yes
ac_cv_func_vasprintf=yes
ac_cv_func_vsnprintf=yes
ac_cv_have_x='have_x=yes	ac_x_includes='\''/opt/homebrew/include'\''	ac_x_libraries='\''/opt/homebrew/lib'\'''
ac_cv_header_GL_glx_h=no
ac_cv_header_X11_xpm_h=yes
ac_cv_header_dlfcn_h=yes
ac_cv_header_inttypes_h=yes
ac_cv_header_minix_config_h=no
ac_cv_header_stdint_h=yes
ac_cv_header_stdio_h=yes
ac_cv_header_stdlib_h=yes
ac_cv_header_string_h=yes
ac_cv_header_strings_h=yes
ac_cv_header_sys_select_h=yes
ac_cv_header_sys_stat_h=yes
ac_cv_header_sys_types_h=yes
ac_cv_header_unistd_h=yes
ac_cv_header_wchar_h=yes
ac_cv_header_xpm_h=yes
ac_cv_host=aarch64-apple-darwin21.4.0
ac_cv_lib_ICE_IceConnectionNumber=no
ac_cv_lib_Xpm_XpmCreateBufferFromImage=yes
ac_cv_lib_c_fopen=yes
ac_cv_lib_jpeg_jpeg_CreateDecompress=yes
ac_cv_lib_m_sin=yes
ac_cv_objext=o
ac_cv_path_EGREP='/opt/homebrew/bin/grep -E'
ac_cv_path_FGREP='/opt/homebrew/bin/grep -F'
ac_cv_path_GREP=/opt/homebrew/bin/grep
ac_cv_path_SED=/opt/homebrew/bin/gsed
ac_cv_path_install='/usr/bin/install -c'
ac_cv_path_lt_DD=/bin/dd
ac_cv_prog_AWK=awk
ac_cv_prog_CONVERT=convert
ac_cv_prog_CPP='gcc -E'
ac_cv_prog_TEXI2DVI=texi2dvi
ac_cv_prog_TEXI2HTML=texi2html
ac_cv_prog_ac_ct_AR=ar
ac_cv_prog_ac_ct_CC=gcc
ac_cv_prog_ac_ct_DSYMUTIL=dsymutil
ac_cv_prog_ac_ct_FILECMD=file
ac_cv_prog_ac_ct_LIPO=lipo
ac_cv_prog_ac_ct_NMEDIT=nmedit
ac_cv_prog_ac_ct_OBJDUMP=objdump
ac_cv_prog_ac_ct_OTOOL=otool
ac_cv_prog_ac_ct_RANLIB=ranlib
ac_cv_prog_ac_ct_STRIP=strip
ac_cv_prog_cc_c11=
ac_cv_prog_cc_g=yes
ac_cv_prog_cc_stdc=
ac_cv_prog_make_make_set=yes
ac_cv_safe_to_define___extensions__=yes
ac_cv_search_strerror='none required'
ac_cv_should_define__xopen_source=no
ac_cv_target=aarch64-apple-darwin21.4.0
ac_cv_type_pid_t=yes
ac_cv_type_signal=void
ac_cv_type_size_t=yes
am_cv_CC_dependencies_compiler_type=gcc3
am_cv_make_support_nested_variables=yes
am_cv_prog_cc_c_o=yes
lt_cv_apple_cc_single_mod=yes
lt_cv_ar_at_file=no
lt_cv_deplibs_check_method=pass_all
lt_cv_file_magic_cmd='$MAGIC_CMD'
lt_cv_file_magic_test_file=
lt_cv_ld_exported_symbols_list=yes
lt_cv_ld_force_load=yes
lt_cv_ld_reload_flag=-r
lt_cv_nm_interface='BSD nm'
lt_cv_objdir=.libs
lt_cv_path_LD=/Applications/Xcode.app/Contents/Developer/Toolchains/XcodeDefault.xctoolchain/usr/bin/ld
lt_cv_path_NM='/usr/bin/nm -B'
lt_cv_path_mainfest_tool=no
lt_cv_prog_compiler_c_o=yes
lt_cv_prog_compiler_pic='-fno-common -DPIC'
lt_cv_prog_compiler_pic_works=yes
lt_cv_prog_compiler_rtti_exceptions=yes
lt_cv_prog_compiler_static_works=no
lt_cv_prog_gnu_ld=no
lt_cv_sharedlib_from_linklib_cmd='printf %s\n'
lt_cv_sys_global_symbol_pipe='/opt/homebrew/bin/gsed -n -e '\''s/^.*[	 ]\([ABCDGIRSTW][ABCDGIRSTW]*\)[	 ][	 ]*_\([_A-Za-z][_A-Za-z0-9]*\)$/\1 _\2 \2/p'\'' | /opt/homebrew/bin/gsed '\''/ __gnu_lto/d'\'''
lt_cv_sys_global_symbol_to_c_name_address='/opt/homebrew/bin/gsed -n -e '\''s/^: \(.*\) .*$/  {"\1", (void *) 0},/p'\'' -e '\''s/^[ABCDGIRSTW][ABCDGIRSTW]* .* \(.*\)$/  {"\1", (void *) \&\1},/p'\'''
lt_cv_sys_global_symbol_to_c_name_address_lib_prefix='/opt/homebrew/bin/gsed -n -e '\''s/^: \(.*\) .*$/  {"\1", (void *) 0},/p'\'' -e '\''s/^[ABCDGIRSTW][ABCDGIRSTW]* .* \(lib.*\)$/  {"\1", (void *) \&\1},/p'\'' -e '\''s/^[ABCDGIRSTW][ABCDGIRSTW]* .* \(.*\)$/  {"lib\1", (void *) \&\1},/p'\'''
lt_cv_sys_global_symbol_to_cdecl='/opt/homebrew/bin/gsed -n -e '\''s/^T .* \(.*\)$/extern int \1();/p'\'' -e '\''s/^[ABCDGIRSTW][ABCDGIRSTW]* .* \(.*\)$/extern char \1;/p'\'''
lt_cv_sys_global_symbol_to_import=
lt_cv_sys_max_cmd_len=786432
lt_cv_to_host_file_cmd=func_convert_file_noop
lt_cv_to_tool_file_cmd=func_convert_file_noop
lt_cv_truncate_bin='/bin/dd bs=4096 count=1'
xforms_cv_extra_inc=NONE
xforms_cv_extra_lib=NONE
xforms_cv_extra_prefix=NONE
xforms_cv_xpm_h_location='<X11/xpm.h>'
xforms_cv_xpmr=XpmRevision
xforms_cv_xpmv=XpmVersion
xforms_cv_xpmversion=XpmVersion.XpmRevision

## ----------------- ##
## Output variables. ##
## ----------------- ##

ACLOCAL='${SHELL} '\''/Users/yaya/rasmol/rasmol/xforms/config/missing'\'' aclocal-1.16'
AMDEPBACKSLASH='\'
AMDEP_FALSE='#'
AMDEP_TRUE=''
AMTAR='$${TAR-tar}'
AM_BACKSLASH='\'
AM_DEFAULT_V='$(AM_DEFAULT_VERBOSITY)'
AM_DEFAULT_VERBOSITY='1'
AM_V='$(V)'
AR='ar'
AUTOCONF='${SHELL} '\''/Users/yaya/rasmol/rasmol/xforms/config/missing'\'' autoconf'
AUTOHEADER='${SHELL} '\''/Users/yaya/rasmol/rasmol/xforms/config/missing'\'' autoheader'
AUTOMAKE='${SHELL} '\''/Users/yaya/rasmol/rasmol/xforms/config/missing'\'' automake-1.16'
AWK='awk'
BUILD_DEMOS_FALSE=''
BUILD_DEMOS_TRUE='#'
BUILD_DOCS_FALSE=''
BUILD_DOCS_TRUE='#'
BUILD_GL_FALSE=''
BUILD_GL_TRUE='#'
BUILD_HTML_DOCS_FALSE='#'
BUILD_HTML_DOCS_TRUE=''
BUILD_PDF_DOCS_FALSE='#'
BUILD_PDF_DOCS_TRUE=''
CC='gcc'
CCDEPMODE='depmode=gcc3'
CFLAGS='-O'
CONVERT='convert'
CPP='gcc -E'
CPPFLAGS=''
CSCOPE='cscope'
CTAGS='ctags'
CYGPATH_W='echo'
DEFS='-DHAVE_CONFIG_H'
DEPDIR='.deps'
DLLTOOL='false'
DSYMUTIL='dsymutil'
DUMPBIN=''
ECHO_C='\c'
ECHO_N=''
ECHO_T=''
EGREP='/opt/homebrew/bin/grep -E'
ETAGS='etags'
EXEEXT=''
FGREP='/opt/homebrew/bin/grep -F'
FILECMD='file'
FL_FIXLEVEL='5pre2'
FL_REVISION='2'
FL_VERSION='1'
GREP='/opt/homebrew/bin/grep'
INSTALL_DATA='${INSTALL} -m 644'
INSTALL_PROGRAM='${INSTALL}'
INSTALL_SCRIPT='${INSTALL}'
INSTALL_STRIP_PROGRAM='$(install_sh) -c -s'
JPEG_LIB='-ljpeg'
LD='/Applications/Xcode.app/Contents/Developer/Toolchains/XcodeDefault.xctoolchain/usr/bin/ld'
LDFLAGS=''
LIBOBJS=''
LIBS='-lc -lm '
LIBTOOL='$(SHELL) $(top_builddir)/libtool'
LIPO='lipo'
LN_S='ln -s'
LTLIBOBJS=''
LT_SYS_LIBRARY_PATH=''
MAINT='#'
MAINTAINER_MODE_FALSE=''
MAINTAINER_MODE_TRUE='#'
MAKEINFO='${SHELL} '\''/Users/yaya/rasmol/rasmol/xforms/config/missing'\'' makeinfo'
MANIFEST_TOOL=':'
MKDIR_P='./config/install-sh -c -d'
NM='/usr/bin/nm -B'
NMEDIT='nmedit'
OBJDUMP='objdump'
OBJEXT='o'
OTOOL64=':'
OTOOL='otool'
PACKAGE='xforms'
PACKAGE_BUGREPORT='xforms-development@nongnu.org'
PACKAGE_NAME='xforms'
PACKAGE_STRING='xforms 1.2.5pre2'
PACKAGE_TARNAME='xforms'
PACKAGE_URL=''
PACKAGE_VERSION='1.2.5pre2'
PATH_SEPARATOR=':'
RANLIB='ranlib'
SED='/opt/homebrew/bin/gsed'
SET_MAKE=''
SHELL='/bin/sh'
SO_VERSION='3:5:1'
STRIP='strip'
TEXI2DVI='texi2dvi'
TEXI2DVI_NEEDS_PDF=''
TEXI2HTML='texi2html'
USE_BWC_BS_HACK_FALSE=''
USE_BWC_BS_HACK_TRUE='#'
USE_CLASSIC_EDITKEYS_FALSE=''
USE_CLASSIC_EDITKEYS_TRUE='#'
VERSION='1.2.5pre2'
XMKMF=''
XPM_LIB='-lXpm'
X_CFLAGS=' -I/opt/homebrew/include'
X_EXTRA_LIBS=''
X_LIBS=' -L/opt/homebrew/lib'
X_PRE_LIBS=''
ac_ct_AR='ar'
ac_ct_CC='gcc'
ac_ct_DUMPBIN=''
am__EXEEXT_FALSE=''
am__EXEEXT_TRUE='#'
am__fastdepCC_FALSE='#'
am__fastdepCC_TRUE=''
am__include='include'
am__isrc=''
am__leading_dot='.'
am__nodep='_no'
am__quote=''
am__tar='$${TAR-tar} chof - "$$tardir"'
am__untar='$${TAR-tar} xf -'
bindir='${exec_prefix}/bin'
build='aarch64-apple-darwin21.4.0'
build_alias=''
build_cpu='aarch64'
build_os='darwin21.4.0'
build_vendor='apple'
datadir='${datarootdir}'
datarootdir='${prefix}/share'
docdir='${datarootdir}/doc/${PACKAGE_TARNAME}'
dvidir='${docdir}'
exec_prefix='${prefix}'
host='aarch64-apple-darwin21.4.0'
host_alias=''
host_cpu='aarch64'
host_os='darwin21.4.0'
host_vendor='apple'
htmldir='${docdir}'
includedir='${prefix}/include'
infodir='${datarootdir}/info'
install_sh='${SHELL} /Users/yaya/rasmol/rasmol/xforms/config/install-sh'
libdir='${exec_prefix}/lib'
libexecdir='${exec_prefix}/libexec'
localedir='${datarootdir}/locale'
localstatedir='${prefix}/var'
mandir='${datarootdir}/man'
mkdir_p='$(MKDIR_P)'
oldincludedir='/usr/include'
pdfdir='${docdir}'
prefix='/usr/local'
program_transform_name='s,x,x,'
psdir='${docdir}'
runstatedir='${localstatedir}/run'
sbindir='${exec_prefix}/sbin'
sharedstatedir='${prefix}/com'
sysconfdir='${prefix}/etc'
target='aarch64-apple-darwin21.4.0'
target_alias=''
target_cpu='aarch64'
target_os='darwin21.4.0'
target_vendor='apple'

## ----------- ##
## confdefs.h. ##
## ----------- ##

/* confdefs.h */
#define PACKAGE_NAME "xforms"
#define PACKAGE_TARNAME "xforms"
#define PACKAGE_VERSION "1.2.5pre2"
#define PACKAGE_STRING "xforms 1.2.5pre2"
#define PACKAGE_BUGREPORT "xforms-development@nongnu.org"
#define PACKAGE_URL ""
#define PACKAGE "xforms"
#define VERSION "1.2.5pre2"
#define HAVE_STDIO_H 1
#define HAVE_STDLIB_H 1
#define HAVE_STRING_H 1
#define HAVE_INTTYPES_H 1
#define HAVE_STDINT_H 1
#define HAVE_STRINGS_H 1
#define HAVE_SYS_STAT_H 1
#define HAVE_SYS_TYPES_H 1
#define HAVE_UNISTD_H 1
#define HAVE_WCHAR_H 1
#define STDC_HEADERS 1
#define _ALL_SOURCE 1
#define _DARWIN_C_SOURCE 1
#define _GNU_SOURCE 1
#define _HPUX_ALT_XOPEN_SOCKET_API 1
#define _NETBSD_SOURCE 1
#define _OPENBSD_SOURCE 1
#define _POSIX_PTHREAD_SEMANTICS 1
#define __STDC_WANT_IEC_60559_ATTRIBS_EXT__ 1
#define __STDC_WANT_IEC_60559_BFP_EXT__ 1
#define __STDC_WANT_IEC_60559_DFP_EXT__ 1
#define __STDC_WANT_IEC_60559_FUNCS_EXT__ 1
#define __STDC_WANT_IEC_60559_TYPES_EXT__ 1
#define __STDC_WANT_LIB_EXT2__ 1
#define __STDC_WANT_MATH_SPEC_FUNCS__ 1
#define _TANDEM_SOURCE 1
#define __EXTENSIONS__ 1
#define HAVE_DLFCN_H 1
#define LT_OBJDIR ".libs/"
#define HAVE_LIBM 1
#define HAVE_LIBC 1
#define HAVE_SYS_SELECT_H 1
#define XPM_H_LOCATION <X11/xpm.h>
#define RETSIGTYPE void
#define RETSIGTYPE_IS_VOID 1
#define HAVE_SNPRINTF 1
#define HAVE_STRCASECMP 1
#define HAVE_STRERROR 1
#define HAVE_USLEEP 1
#define HAVE_NANOSLEEP 1
#define HAVE_VSNPRINTF 1
#define HAVE_VASPRINTF 1
#define HAVE_SIGACTION 1
#define HAVE_DECL_SNPRINTF 1
#define HAVE_DECL_VSNPRINTF 1
#define HAVE_DECL_VASPRINTF 1
#define HAVE_DECL_SIGACTION 1

configure: exit 0
